#
# A fatal error has been detected by the Java Runtime Environment:
#
#  SIGSEGV (0xb) at pc=0x00007fff8b210097, pid=1398, tid=3335
#
# JRE version: Java(TM) SE Runtime Environment (8.0_05-b13) (build 1.8.0_05-b13)
# Java VM: Java HotSpot(TM) 64-Bit Server VM (25.5-b02 mixed mode bsd-amd64 compressed oops)
# Problematic frame:
# C  [libobjc.A.dylib+0x5097]  objc_msgSend+0x17
#
# Failed to write core dump. Core dumps have been disabled. To enable core dumping, try "ulimit -c unlimited" before starting Java again
#
# If you would like to submit a bug report, please visit:
#   http://bugreport.sun.com/bugreport/crash.jsp
# The crash happened outside the Java Virtual Machine in native code.
# See problematic frame for where to report the bug.
#

---------------  T H R E A D  ---------------

Current thread (0x00007fbcfb8b2800):  JavaThread "AppKit Thread" daemon [_thread_in_native, id=3335, stack(0x00007fff59717000,0x00007fff59f17000)]

siginfo:si_signo=SIGSEGV: si_errno=0, si_code=0 (SEGV0), si_addr=0x0000000000000000

Registers:
RAX=0x00007fbcfaf48730, RBX=0x00000000000f42ec, RCX=0x0000000000000000, RDX=0x00007fbcfaf25be0
RSP=0x00007fff59f11188, RBP=0x00007fff59f11190, RSI=0x00007fff9396cb9f, RDI=0x00007fbcfaf48730
R8 =0x0000000000000040, R9 =0x00007fff59f11100, R10=0x00007fff9396cb9f, R11=0x2000000000000000
R12=0x00000000000f42ec, R13=0x00007fff59f11358, R14=0x00007fbcfac6c4b0, R15=0x00007fff59f112b8
RIP=0x00007fff8b210097, EFLAGS=0x0000000000010246, ERR=0x0000000000000000
  TRAPNO=0x000000000000000d

Top of Stack: (sp=0x00007fff59f11188)
0x00007fff59f11188:   00007fff918cde0c 00007fff59f114f0
0x00007fff59f11198:   00007fff917c182d 0000000000000003
0x00007fff59f111a8:   0000000105d07800 00007fff59f111f0
0x00007fff59f111b8:   00007fff8f3fa272 0000000000000798
0x00007fff59f111c8:   00000000000f42ee 0000000000000002
0x00007fff59f111d8:   00007fbcfac74bd0 00007fbcfad82a10
0x00007fff59f111e8:   00007fbcfac18ac0 00007fbcfaf25be0
0x00007fff59f111f8:   00007fff59f112b0 0000000000000000
0x00007fff59f11208:   00000000000f42ec 0000000000000051
0x00007fff59f11218:   00007fff59f11330 0000000000000000
0x00007fff59f11228:   0000000000000001 00007fbcfac18ab0
0x00007fff59f11238:   000000000000004f 0000000000009fad
0x00007fff59f11248:   0000010000000000 00007fff7bebba60
0x00007fff59f11258:   00002060003466ea 00007fff59f113b0
0x00007fff59f11268:   0000000000000000 00007fff59f11348
0x00007fff59f11278:   00007fff59f11328 00007fff7bebba48
0x00007fff59f11288:   0000000000000000 0000000000000002
0x00007fff59f11298:   00007fff983466ea 00007fff7c560d38
0x00007fff59f112a8:   0000000000000000 00007fbcfac74c50
0x00007fff59f112b8:   00007fbcfac6c4b0 00007fff93e7eb08
0x00007fff59f112c8:   0000000000000000 00007fff59f11390
0x00007fff59f112d8:   00007fff90303dde 00007fff7c5d20d0
0x00007fff59f112e8:   0000000042000000 00007fff9030c1d1
0x00007fff59f112f8:   00007fff7be97b40 00007fff59f113f8
0x00007fff59f11308:   00007fff59f11328 00007fff59f11348
0x00007fff59f11318:   0000000000000000 0000000105d02001
0x00007fff59f11328:   0000000000000000 000000000000004d
0x00007fff59f11338:   0000000000000000 00000000000f42e4
0x00007fff59f11348:   000000000000004f 0000000000000000
0x00007fff59f11358:   00000000000f42ec 0000000159f11400
0x00007fff59f11368:   00007fff98347261 00007fff7aac5748
0x00007fff59f11378:   00007fff7aac574c 000000007aac11b8 

Instructions: (pc=0x00007fff8b210097)
0x00007fff8b210077:   90 90 90 90 90 90 90 90 90 48 85 ff 2e 74 72 40
0x00007fff8b210087:   f6 c7 01 2e 0f 85 7e 00 00 00 4c 8b 1f 49 89 f2
0x00007fff8b210097:   45 23 53 18 49 c1 e2 04 4d 03 53 10 49 3b 32 75
0x00007fff8b2100a7:   04 41 ff 62 08 49 83 3a 00 74 74 4d 3b 53 10 74 

Register to memory mapping:

RAX=0x00007fbcfaf48730 is an unknown value
RBX=0x00000000000f42ec is an unknown value
RCX=0x0000000000000000 is an unknown value
RDX=0x00007fbcfaf25be0 is an unknown value
RSP=0x00007fff59f11188 is pointing into the stack for thread: 0x00007fbcfb8b2800
RBP=0x00007fff59f11190 is pointing into the stack for thread: 0x00007fbcfb8b2800
RSI=0x00007fff9396cb9f: NSAppKitVersionNumber+0x5358f in /System/Library/Frameworks/AppKit.framework/Versions/C/AppKit at 0x00007fff92ec9000
RDI=0x00007fbcfaf48730 is an unknown value
R8 =0x0000000000000040 is an unknown value
R9 =0x00007fff59f11100 is pointing into the stack for thread: 0x00007fbcfb8b2800
R10=0x00007fff9396cb9f: NSAppKitVersionNumber+0x5358f in /System/Library/Frameworks/AppKit.framework/Versions/C/AppKit at 0x00007fff92ec9000
R11=0x2000000000000000 is an unknown value
R12=0x00000000000f42ec is an unknown value
R13=0x00007fff59f11358 is pointing into the stack for thread: 0x00007fbcfb8b2800
R14=0x00007fbcfac6c4b0 is an unknown value
R15=0x00007fff59f112b8 is pointing into the stack for thread: 0x00007fbcfb8b2800


Stack: [0x00007fff59717000,0x00007fff59f17000],  sp=0x00007fff59f11188,  free space=8168k
Native frames: (J=compiled Java code, j=interpreted, Vv=VM code, C=native code)
C  [libobjc.A.dylib+0x5097]  objc_msgSend+0x17
C  [CoreFoundation+0x1082d]  _CFXNotificationPost+0xb4d
C  [Foundation+0x27ba]  -[NSNotificationCenter postNotificationName:object:userInfo:]+0x44
C  [AppKit+0x10f5a9]  -[NSSurface _disposeSurface]+0x98
C  [AppKit+0x10f045]  -[NSSurface setWindow:]+0x46
C  [AppKit+0x3af27]  -[NSView _setWindow:]+0x8ea
C  [AppKit+0x3bf7a]  -[NSView removeFromSuperview]+0x15e
C  [AppKit+0x986e9]  -[NSView removeFromSuperviewWithoutNeedingDisplay]+0x26
C  [liblwjgl.dylib+0x9c3e]  +[MacOSXKeyableWindow destroyWindow]+0xde
C  [Foundation+0x6313e]  __NSThreadPerformPerform+0xe5
C  [CoreFoundation+0x7f5b1]  __CFRUNLOOP_IS_CALLING_OUT_TO_A_SOURCE0_PERFORM_FUNCTION__+0x11
C  [CoreFoundation+0x70c62]  __CFRunLoopDoSources0+0xf2
C  [CoreFoundation+0x703ef]  __CFRunLoopRun+0x33f
C  [CoreFoundation+0x6fe75]  CFRunLoopRunSpecific+0x135
C  [HIToolbox+0x2ea0d]  RunCurrentEventLoopInMode+0xe2
C  [HIToolbox+0x2e7b7]  ReceiveNextEventCommon+0x1df
C  [HIToolbox+0x2e5bc]  _BlockUntilNextEventMatchingListInModeWithFilter+0x41
C  [AppKit+0x2424e]  _DPSNextEvent+0x59a
C  [AppKit+0x2389b]  -[NSApplication nextEventMatchingMask:untilDate:inMode:dequeue:]+0x7a
C  [libosxapp.dylib+0x242a]  -[NSApplicationAWT nextEventMatchingMask:untilDate:inMode:dequeue:]+0x7c
C  [AppKit+0x1799c]  -[NSApplication run]+0x229
C  [libosxapp.dylib+0x223e]  +[NSApplicationAWT runAWTLoopWithApp:]+0x9c
C  [libawt_lwawt.dylib+0x439cf]  -[AWTStarter starter:]+0x389
C  [Foundation+0x6313e]  __NSThreadPerformPerform+0xe5
C  [CoreFoundation+0x7f5b1]  __CFRUNLOOP_IS_CALLING_OUT_TO_A_SOURCE0_PERFORM_FUNCTION__+0x11
C  [CoreFoundation+0x70c62]  __CFRunLoopDoSources0+0xf2
C  [CoreFoundation+0x703ef]  __CFRunLoopRun+0x33f
C  [CoreFoundation+0x6fe75]  CFRunLoopRunSpecific+0x135
C  [java+0x56cb]  CreateExecutionEnvironment+0x367
C  [java+0x166c]  JLI_Launch+0x7a0
C  [java+0x7689]  main+0x65
C  [java+0xec4]  start+0x34


---------------  P R O C E S S  ---------------

Java Threads: ( => current thread )
  0x00007fbcfc8a5000 JavaThread "AWT-Shutdown" [_thread_blocked, id=14095, stack(0x000000011b232000,0x000000011b332000)]
  0x00007fbcfb111000 JavaThread "DestroyJavaVM" [_thread_blocked, id=6915, stack(0x0000000106cbe000,0x0000000106dbe000)]
  0x00007fbcfb961000 JavaThread "LWJGL Application" [_thread_in_native, id=63747, stack(0x000000012036a000,0x000000012046a000)]
=>0x00007fbcfb8b2800 JavaThread "AppKit Thread" daemon [_thread_in_native, id=3335, stack(0x00007fff59717000,0x00007fff59f17000)]
  0x00007fbcfb836800 JavaThread "Monitor Ctrl-Break" daemon [_thread_in_native, id=21507, stack(0x000000011bb2b000,0x000000011bc2b000)]
  0x00007fbcfb015000 JavaThread "Service Thread" daemon [_thread_blocked, id=20483, stack(0x000000011b78a000,0x000000011b88a000)]
  0x00007fbcfc030800 JavaThread "C1 CompilerThread2" daemon [_thread_blocked, id=19971, stack(0x000000011b687000,0x000000011b787000)]
  0x00007fbcfc030000 JavaThread "C2 CompilerThread1" daemon [_thread_blocked, id=19459, stack(0x000000011b584000,0x000000011b684000)]
  0x00007fbcfc02e800 JavaThread "C2 CompilerThread0" daemon [_thread_blocked, id=18947, stack(0x000000011b481000,0x000000011b581000)]
  0x00007fbcfc000800 JavaThread "Signal Dispatcher" daemon [_thread_blocked, id=18435, stack(0x000000011b37e000,0x000000011b47e000)]
  0x00007fbcfc01f800 JavaThread "Finalizer" daemon [_thread_blocked, id=13059, stack(0x000000011b029000,0x000000011b129000)]
  0x00007fbcfc813000 JavaThread "Reference Handler" daemon [_thread_blocked, id=12547, stack(0x000000011af26000,0x000000011b026000)]

Other Threads:
  0x00007fbcfb834000 VMThread [stack: 0x000000011ae23000,0x000000011af23000] [id=12035]
  0x00007fbcfb018000 WatcherThread [stack: 0x000000011b88d000,0x000000011b98d000] [id=20995]

VM state:not at safepoint (normal execution)

VM Mutex/Monitor currently owned by a thread: None

Heap:
 PSYoungGen      total 5632K, used 4144K [0x00000007aab00000, 0x00000007ab600000, 0x00000007c0000000)
  eden space 4096K, 67% used [0x00000007aab00000,0x00000007aadb0930,0x00000007aaf00000)
  from space 1536K, 90% used [0x00000007aaf00000,0x00000007ab05b8d8,0x00000007ab080000)
  to   space 1536K, 0% used [0x00000007ab480000,0x00000007ab480000,0x00000007ab600000)
 ParOldGen       total 64000K, used 1218K [0x0000000780000000, 0x0000000783e80000, 0x00000007aab00000)
  object space 64000K, 1% used [0x0000000780000000,0x0000000780130ae0,0x0000000783e80000)
 Metaspace       used 7741K, capacity 7871K, committed 8064K, reserved 1056768K
  class space    used 767K, capacity 818K, committed 896K, reserved 1048576K

Card table byte_map: [0x00000001169f4000,0x0000000116bf5000] byte_map_base: 0x0000000112df4000

Marking Bits: (ParMarkBitMap*) 0x000000010664d0a0
 Begin Bits: [0x0000000117157000, 0x0000000118157000)
 End Bits:   [0x0000000118157000, 0x0000000119157000)

Polling page: 0x0000000106dce000

CodeCache: size=245760Kb used=3237Kb max_used=3248Kb free=242522Kb
 bounds [0x0000000107634000, 0x0000000107964000, 0x0000000116634000]
 total_blobs=1335 nmethods=873 adapters=378
 compilation: enabled

Compilation events (10 events):
Event: 37.636 Thread 0x00007fbcfc030800  868       3       java.nio.HeapByteBuffer::putInt (20 bytes)
Event: 37.637 Thread 0x00007fbcfc030800 nmethod 868 0x000000010794eb50 code [0x000000010794ece0, 0x000000010794f088]
Event: 37.637 Thread 0x00007fbcfc030800  869       3       java.nio.Bits::putInt (20 bytes)
Event: 37.637 Thread 0x00007fbcfc030800 nmethod 869 0x000000010794e750 code [0x000000010794e8c0, 0x000000010794ea98]
Event: 37.656 Thread 0x00007fbcfc030800  870       3       java.nio.HeapByteBuffer::getInt (18 bytes)
Event: 37.658 Thread 0x00007fbcfc030800 nmethod 870 0x000000010794d490 code [0x000000010794d6a0, 0x000000010794df88]
Event: 37.658 Thread 0x00007fbcfc030800  871       3       java.nio.Bits::getInt (18 bytes)
Event: 37.658 Thread 0x00007fbcfc030800 nmethod 871 0x000000010794c5d0 code [0x000000010794c7c0, 0x000000010794d158]
Event: 38.036 Thread 0x00007fbcfc02e800  873       4       java.nio.DirectByteBuffer::put (18 bytes)
Event: 38.038 Thread 0x00007fbcfc02e800 nmethod 873 0x0000000107961950 code [0x0000000107961a80, 0x0000000107961b18]

GC Heap History (10 events):
Event: 0.228 GC heap before
{Heap before GC invocations=3 (full 0):
 PSYoungGen      total 1536K, used 1520K [0x00000007aab00000, 0x00000007aad00000, 0x00000007c0000000)
  eden space 1024K, 100% used [0x00000007aab00000,0x00000007aac00000,0x00000007aac00000)
  from space 512K, 96% used [0x00000007aac80000,0x00000007aacfc010,0x00000007aad00000)
  to   space 512K, 0% used [0x00000007aac00000,0x00000007aac00000,0x00000007aac80000)
 ParOldGen       total 64000K, used 48K [0x0000000780000000, 0x0000000783e80000, 0x00000007aab00000)
  object space 64000K, 0% used [0x0000000780000000,0x000000078000c000,0x0000000783e80000)
 Metaspace       used 3202K, capacity 4600K, committed 4864K, reserved 1056768K
  class space    used 349K, capacity 424K, committed 512K, reserved 1048576K
Event: 0.230 GC heap after
Heap after GC invocations=3 (full 0):
 PSYoungGen      total 1536K, used 496K [0x00000007aab00000, 0x00000007aae00000, 0x00000007c0000000)
  eden space 1024K, 0% used [0x00000007aab00000,0x00000007aab00000,0x00000007aac00000)
  from space 512K, 96% used [0x00000007aac00000,0x00000007aac7c010,0x00000007aac80000)
  to   space 512K, 0% used [0x00000007aad80000,0x00000007aad80000,0x00000007aae00000)
 ParOldGen       total 64000K, used 268K [0x0000000780000000, 0x0000000783e80000, 0x00000007aab00000)
  object space 64000K, 0% used [0x0000000780000000,0x00000007800430b0,0x0000000783e80000)
 Metaspace       used 3202K, capacity 4600K, committed 4864K, reserved 1056768K
  class space    used 349K, capacity 424K, committed 512K, reserved 1048576K
}
Event: 0.279 GC heap before
{Heap before GC invocations=4 (full 0):
 PSYoungGen      total 1536K, used 1520K [0x00000007aab00000, 0x00000007aae00000, 0x00000007c0000000)
  eden space 1024K, 100% used [0x00000007aab00000,0x00000007aac00000,0x00000007aac00000)
  from space 512K, 96% used [0x00000007aac00000,0x00000007aac7c010,0x00000007aac80000)
  to   space 512K, 0% used [0x00000007aad80000,0x00000007aad80000,0x00000007aae00000)
 ParOldGen       total 64000K, used 268K [0x0000000780000000, 0x0000000783e80000, 0x00000007aab00000)
  object space 64000K, 0% used [0x0000000780000000,0x00000007800430b0,0x0000000783e80000)
 Metaspace       used 3491K, capacity 4728K, committed 4864K, reserved 1056768K
  class space    used 376K, capacity 424K, committed 512K, reserved 1048576K
Event: 0.281 GC heap after
Heap after GC invocations=4 (full 0):
 PSYoungGen      total 2560K, used 480K [0x00000007aab00000, 0x00000007aae00000, 0x00000007c0000000)
  eden space 2048K, 0% used [0x00000007aab00000,0x00000007aab00000,0x00000007aad00000)
  from space 512K, 93% used [0x00000007aad80000,0x00000007aadf8020,0x00000007aae00000)
  to   space 512K, 0% used [0x00000007aad00000,0x00000007aad00000,0x00000007aad80000)
 ParOldGen       total 64000K, used 463K [0x0000000780000000, 0x0000000783e80000, 0x00000007aab00000)
  object space 64000K, 0% used [0x0000000780000000,0x0000000780073d30,0x0000000783e80000)
 Metaspace       used 3491K, capacity 4728K, committed 4864K, reserved 1056768K
  class space    used 376K, capacity 424K, committed 512K, reserved 1048576K
}
Event: 0.520 GC heap before
{Heap before GC invocations=5 (full 0):
 PSYoungGen      total 2560K, used 2528K [0x00000007aab00000, 0x00000007aae00000, 0x00000007c0000000)
  eden space 2048K, 100% used [0x00000007aab00000,0x00000007aad00000,0x00000007aad00000)
  from space 512K, 93% used [0x00000007aad80000,0x00000007aadf8020,0x00000007aae00000)
  to   space 512K, 0% used [0x00000007aad00000,0x00000007aad00000,0x00000007aad80000)
 ParOldGen       total 64000K, used 463K [0x0000000780000000, 0x0000000783e80000, 0x00000007aab00000)
  object space 64000K, 0% used [0x0000000780000000,0x0000000780073d30,0x0000000783e80000)
 Metaspace       used 5029K, capacity 5094K, committed 5248K, reserved 1056768K
  class space    used 558K, capacity 595K, committed 640K, reserved 1048576K
Event: 0.533 GC heap after
Heap after GC invocations=5 (full 0):
 PSYoungGen      total 2560K, used 496K [0x00000007aab00000, 0x00000007ab200000, 0x00000007c0000000)
  eden space 2048K, 0% used [0x00000007aab00000,0x00000007aab00000,0x00000007aad00000)
  from space 512K, 96% used [0x00000007aad00000,0x00000007aad7c010,0x00000007aad80000)
  to   space 1536K, 0% used [0x00000007ab080000,0x00000007ab080000,0x00000007ab200000)
 ParOldGen       total 64000K, used 940K [0x0000000780000000, 0x0000000783e80000, 0x00000007aab00000)
  object space 64000K, 1% used [0x0000000780000000,0x00000007800eb1f8,0x0000000783e80000)
 Metaspace       used 5029K, capacity 5094K, committed 5248K, reserved 1056768K
  class space    used 558K, capacity 595K, committed 640K, reserved 1048576K
}
Event: 0.640 GC heap before
{Heap before GC invocations=6 (full 0):
 PSYoungGen      total 2560K, used 2544K [0x00000007aab00000, 0x00000007ab200000, 0x00000007c0000000)
  eden space 2048K, 100% used [0x00000007aab00000,0x00000007aad00000,0x00000007aad00000)
  from space 512K, 96% used [0x00000007aad00000,0x00000007aad7c010,0x00000007aad80000)
  to   space 1536K, 0% used [0x00000007ab080000,0x00000007ab080000,0x00000007ab200000)
 ParOldGen       total 64000K, used 940K [0x0000000780000000, 0x0000000783e80000, 0x00000007aab00000)
  object space 64000K, 1% used [0x0000000780000000,0x00000007800eb1f8,0x0000000783e80000)
 Metaspace       used 5747K, capacity 5860K, committed 6144K, reserved 1056768K
  class space    used 646K, capacity 690K, committed 768K, reserved 1048576K
Event: 0.648 GC heap after
Heap after GC invocations=6 (full 0):
 PSYoungGen      total 5632K, used 909K [0x00000007aab00000, 0x00000007ab200000, 0x00000007c0000000)
  eden space 4096K, 0% used [0x00000007aab00000,0x00000007aab00000,0x00000007aaf00000)
  from space 1536K, 59% used [0x00000007ab080000,0x00000007ab163528,0x00000007ab200000)
  to   space 1536K, 0% used [0x00000007aaf00000,0x00000007aaf00000,0x00000007ab080000)
 ParOldGen       total 64000K, used 948K [0x0000000780000000, 0x0000000783e80000, 0x00000007aab00000)
  object space 64000K, 1% used [0x0000000780000000,0x00000007800ed1f8,0x0000000783e80000)
 Metaspace       used 5747K, capacity 5860K, committed 6144K, reserved 1056768K
  class space    used 646K, capacity 690K, committed 768K, reserved 1048576K
}
Event: 0.923 GC heap before
{Heap before GC invocations=7 (full 0):
 PSYoungGen      total 5632K, used 4994K [0x00000007aab00000, 0x00000007ab200000, 0x00000007c0000000)
  eden space 4096K, 99% used [0x00000007aab00000,0x00000007aaefd368,0x00000007aaf00000)
  from space 1536K, 59% used [0x00000007ab080000,0x00000007ab163528,0x00000007ab200000)
  to   space 1536K, 0% used [0x00000007aaf00000,0x00000007aaf00000,0x00000007ab080000)
 ParOldGen       total 64000K, used 948K [0x0000000780000000, 0x0000000783e80000, 0x00000007aab00000)
  object space 64000K, 1% used [0x0000000780000000,0x00000007800ed1f8,0x0000000783e80000)
 Metaspace       used 7092K, capacity 7231K, committed 7424K, reserved 1056768K
  class space    used 716K, capacity 754K, committed 768K, reserved 1048576K
Event: 0.926 GC heap after
Heap after GC invocations=7 (full 0):
 PSYoungGen      total 5632K, used 1390K [0x00000007aab00000, 0x00000007ab600000, 0x00000007c0000000)
  eden space 4096K, 0% used [0x00000007aab00000,0x00000007aab00000,0x00000007aaf00000)
  from space 1536K, 90% used [0x00000007aaf00000,0x00000007ab05b8d8,0x00000007ab080000)
  to   space 1536K, 0% used [0x00000007ab480000,0x00000007ab480000,0x00000007ab600000)
 ParOldGen       total 64000K, used 1218K [0x0000000780000000, 0x0000000783e80000, 0x00000007aab00000)
  object space 64000K, 1% used [0x0000000780000000,0x0000000780130ae0,0x0000000783e80000)
 Metaspace       used 7092K, capacity 7231K, committed 7424K, reserved 1056768K
  class space    used 716K, capacity 754K, committed 768K, reserved 1048576K
}

Deoptimization events (0 events):
No events

Internal exceptions (10 events):
Event: 1.004 Thread 0x00007fbcfb961000 Exception <a 'java/security/PrivilegedActionException'> (0x00000007aad44d90) thrown at [/HUDSON/workspace/8-2-build-macosx-x86_64/jdk8u5/2488/hotspot/src/share/vm/prims/jvm.cpp, line 1248]
Event: 1.009 Thread 0x00007fbcfb961000 Exception <a 'java/security/PrivilegedActionException'> (0x00000007aad4cca8) thrown at [/HUDSON/workspace/8-2-build-macosx-x86_64/jdk8u5/2488/hotspot/src/share/vm/prims/jvm.cpp, line 1248]
Event: 1.015 Thread 0x00007fbcfb961000 Exception <a 'java/security/PrivilegedActionException'> (0x00000007aad59bd0) thrown at [/HUDSON/workspace/8-2-build-macosx-x86_64/jdk8u5/2488/hotspot/src/share/vm/prims/jvm.cpp, line 1248]
Event: 1.017 Thread 0x00007fbcfb961000 Exception <a 'java/security/PrivilegedActionException'> (0x00000007aad60d20) thrown at [/HUDSON/workspace/8-2-build-macosx-x86_64/jdk8u5/2488/hotspot/src/share/vm/prims/jvm.cpp, line 1248]
Event: 1.019 Thread 0x00007fbcfb961000 Exception <a 'java/security/PrivilegedActionException'> (0x00000007aad67c10) thrown at [/HUDSON/workspace/8-2-build-macosx-x86_64/jdk8u5/2488/hotspot/src/share/vm/prims/jvm.cpp, line 1248]
Event: 1.020 Thread 0x00007fbcfb961000 Exception <a 'java/security/PrivilegedActionException'> (0x00000007aad6f398) thrown at [/HUDSON/workspace/8-2-build-macosx-x86_64/jdk8u5/2488/hotspot/src/share/vm/prims/jvm.cpp, line 1248]
Event: 34.740 Thread 0x00007fbcfb961000 Exception <a 'java/security/PrivilegedActionException'> (0x00000007aad8eae0) thrown at [/HUDSON/workspace/8-2-build-macosx-x86_64/jdk8u5/2488/hotspot/src/share/vm/prims/jvm.cpp, line 1248]
Event: 34.741 Thread 0x00007fbcfb961000 Exception <a 'java/security/PrivilegedActionException'> (0x00000007aad96b78) thrown at [/HUDSON/workspace/8-2-build-macosx-x86_64/jdk8u5/2488/hotspot/src/share/vm/prims/jvm.cpp, line 1248]
Event: 38.024 Thread 0x00007fbcfb961000 Exception <a 'java/security/PrivilegedActionException'> (0x00000007aad9d868) thrown at [/HUDSON/workspace/8-2-build-macosx-x86_64/jdk8u5/2488/hotspot/src/share/vm/prims/jvm.cpp, line 1248]
Event: 38.034 Thread 0x00007fbcfb961000 Exception <a 'java/security/PrivilegedActionException'> (0x00000007aada5658) thrown at [/HUDSON/workspace/8-2-build-macosx-x86_64/jdk8u5/2488/hotspot/src/share/vm/prims/jvm.cpp, line 1248]

Events (10 events):
Event: 32.043 Thread 0x00007fbcfb014000 Thread exited: 0x00007fbcfb014000
Event: 34.706 Thread 0x00007fbcfc8a5000 Thread added: 0x00007fbcfc8a5000
Event: 34.740 loading class com/badlogic/gdx/backends/lwjgl/LwjglInput$TouchEvent
Event: 34.740 loading class com/badlogic/gdx/backends/lwjgl/LwjglInput$TouchEvent done
Event: 34.741 loading class com/badlogic/gdx/utils/Pool$Poolable
Event: 34.741 loading class com/badlogic/gdx/utils/Pool$Poolable done
Event: 38.023 loading class com/badlogic/gdx/backends/lwjgl/LwjglApplication$2
Event: 38.023 loading class com/badlogic/gdx/backends/lwjgl/LwjglApplication$2 done
Event: 38.034 loading class org/lwjgl/opengl/CallbackUtil
Event: 38.034 loading class org/lwjgl/opengl/CallbackUtil done


Dynamic libraries:
0x000000000a714000 	/System/Library/Frameworks/Cocoa.framework/Versions/A/Cocoa
0x000000000a714000 	/System/Library/Frameworks/Security.framework/Versions/A/Security
0x000000000a714000 	/System/Library/Frameworks/ApplicationServices.framework/Versions/A/ApplicationServices
0x000000000a714000 	/usr/lib/libz.1.dylib
0x000000000a714000 	/usr/lib/libSystem.B.dylib
0x000000000a714000 	/usr/lib/libobjc.A.dylib
0x000000000a714000 	/System/Library/Frameworks/CoreFoundation.framework/Versions/A/CoreFoundation
0x000000000a714000 	/System/Library/Frameworks/Foundation.framework/Versions/C/Foundation
0x000000000a714000 	/System/Library/Frameworks/AppKit.framework/Versions/C/AppKit
0x000000000a714000 	/System/Library/Frameworks/CoreData.framework/Versions/A/CoreData
0x000000000a714000 	/System/Library/PrivateFrameworks/RemoteViewServices.framework/Versions/A/RemoteViewServices
0x000000000a714000 	/System/Library/Frameworks/AudioToolbox.framework/Versions/A/AudioToolbox
0x000000000a714000 	/System/Library/Frameworks/AudioUnit.framework/Versions/A/AudioUnit
0x000000000a714000 	/System/Library/PrivateFrameworks/DataDetectorsCore.framework/Versions/A/DataDetectorsCore
0x000000000a714000 	/System/Library/PrivateFrameworks/DesktopServicesPriv.framework/Versions/A/DesktopServicesPriv
0x000000000a714000 	/System/Library/Frameworks/Carbon.framework/Versions/A/Frameworks/HIToolbox.framework/Versions/A/HIToolbox
0x000000000a714000 	/System/Library/Frameworks/QuartzCore.framework/Versions/A/QuartzCore
0x000000000a714000 	/System/Library/Frameworks/Carbon.framework/Versions/A/Frameworks/SpeechRecognition.framework/Versions/A/SpeechRecognition
0x000000000a714000 	/usr/lib/libauto.dylib
0x000000000a714000 	/usr/lib/libicucore.A.dylib
0x000000000a714000 	/usr/lib/libxml2.2.dylib
0x000000000a714000 	/System/Library/PrivateFrameworks/CoreUI.framework/Versions/A/CoreUI
0x000000000a714000 	/System/Library/Frameworks/CoreAudio.framework/Versions/A/CoreAudio
0x000000000a714000 	/System/Library/Frameworks/DiskArbitration.framework/Versions/A/DiskArbitration
0x000000000a714000 	/usr/lib/liblangid.dylib
0x000000000a714000 	/System/Library/PrivateFrameworks/MultitouchSupport.framework/Versions/A/MultitouchSupport
0x000000000a714000 	/System/Library/Frameworks/IOKit.framework/Versions/A/IOKit
0x000000000a714000 	/usr/lib/libDiagnosticMessagesClient.dylib
0x000000000a714000 	/System/Library/Frameworks/CoreServices.framework/Versions/A/CoreServices
0x000000000a714000 	/System/Library/PrivateFrameworks/PerformanceAnalysis.framework/Versions/A/PerformanceAnalysis
0x000000000a714000 	/System/Library/PrivateFrameworks/GenerationalStorage.framework/Versions/A/GenerationalStorage
0x000000000a714000 	/System/Library/Frameworks/OpenGL.framework/Versions/A/OpenGL
0x000000000a714000 	/System/Library/PrivateFrameworks/Sharing.framework/Versions/A/Sharing
0x000000000a714000 	/System/Library/Frameworks/ImageIO.framework/Versions/A/ImageIO
0x000000000a714000 	/System/Library/Frameworks/CoreText.framework/Versions/A/CoreText
0x000000000a714000 	/System/Library/Frameworks/CoreGraphics.framework/Versions/A/CoreGraphics
0x000000000a714000 	/System/Library/PrivateFrameworks/Backup.framework/Versions/A/Backup
0x000000000a714000 	/System/Library/Frameworks/CFNetwork.framework/Versions/A/CFNetwork
0x000000000a714000 	/System/Library/Frameworks/SystemConfiguration.framework/Versions/A/SystemConfiguration
0x000000000a714000 	/usr/lib/libCRFSuite.dylib
0x000000000a714000 	/usr/lib/libc++.1.dylib
0x000000000a714000 	/usr/lib/libc++abi.dylib
0x000000000a714000 	/usr/lib/system/libcache.dylib
0x000000000a714000 	/usr/lib/system/libcommonCrypto.dylib
0x000000000a714000 	/usr/lib/system/libcompiler_rt.dylib
0x000000000a714000 	/usr/lib/system/libcopyfile.dylib
0x000000000a714000 	/usr/lib/system/libcorecrypto.dylib
0x000000000a714000 	/usr/lib/system/libdispatch.dylib
0x000000000a714000 	/usr/lib/system/libdyld.dylib
0x000000000a714000 	/usr/lib/system/libkeymgr.dylib
0x000000000a714000 	/usr/lib/system/liblaunch.dylib
0x000000000a714000 	/usr/lib/system/libmacho.dylib
0x000000000a714000 	/usr/lib/system/libquarantine.dylib
0x000000000a714000 	/usr/lib/system/libremovefile.dylib
0x000000000a714000 	/usr/lib/system/libsystem_asl.dylib
0x000000000a714000 	/usr/lib/system/libsystem_blocks.dylib
0x000000000a714000 	/usr/lib/system/libsystem_c.dylib
0x000000000a714000 	/usr/lib/system/libsystem_configuration.dylib
0x000000000a714000 	/usr/lib/system/libsystem_dnssd.dylib
0x000000000a714000 	/usr/lib/system/libsystem_info.dylib
0x000000000a714000 	/usr/lib/system/libsystem_kernel.dylib
0x000000000a714000 	/usr/lib/system/libsystem_m.dylib
0x000000000a714000 	/usr/lib/system/libsystem_malloc.dylib
0x000000000a714000 	/usr/lib/system/libsystem_network.dylib
0x000000000a714000 	/usr/lib/system/libsystem_notify.dylib
0x000000000a714000 	/usr/lib/system/libsystem_platform.dylib
0x000000000a714000 	/usr/lib/system/libsystem_pthread.dylib
0x000000000a714000 	/usr/lib/system/libsystem_sandbox.dylib
0x000000000a714000 	/usr/lib/system/libsystem_stats.dylib
0x000000000a714000 	/usr/lib/system/libunc.dylib
0x000000000a714000 	/usr/lib/system/libunwind.dylib
0x000000000a714000 	/usr/lib/system/libxpc.dylib
0x000000000a714000 	/usr/lib/libbsm.0.dylib
0x000000000a714000 	/usr/lib/libsqlite3.dylib
0x000000000a714000 	/usr/lib/libxar.1.dylib
0x000000000a714000 	/usr/lib/libpam.2.dylib
0x000000000a714000 	/usr/lib/libOpenScriptingUtil.dylib
0x000000000a714000 	/usr/lib/libbz2.1.0.dylib
0x000000000a714000 	/System/Library/Frameworks/CoreServices.framework/Versions/A/Frameworks/CarbonCore.framework/Versions/A/CarbonCore
0x000000000a714000 	/System/Library/Frameworks/CoreServices.framework/Versions/A/Frameworks/Metadata.framework/Versions/A/Metadata
0x000000000a714000 	/System/Library/Frameworks/CoreServices.framework/Versions/A/Frameworks/OSServices.framework/Versions/A/OSServices
0x000000000a714000 	/System/Library/Frameworks/CoreServices.framework/Versions/A/Frameworks/SearchKit.framework/Versions/A/SearchKit
0x000000000a714000 	/System/Library/Frameworks/CoreServices.framework/Versions/A/Frameworks/AE.framework/Versions/A/AE
0x000000000a714000 	/System/Library/Frameworks/CoreServices.framework/Versions/A/Frameworks/LaunchServices.framework/Versions/A/LaunchServices
0x000000000a714000 	/System/Library/Frameworks/CoreServices.framework/Versions/A/Frameworks/DictionaryServices.framework/Versions/A/DictionaryServices
0x000000000a714000 	/System/Library/Frameworks/NetFS.framework/Versions/A/NetFS
0x000000000a714000 	/usr/lib/system/libkxld.dylib
0x000000000a714000 	/System/Library/PrivateFrameworks/NetAuth.framework/Versions/A/NetAuth
0x000000000a714000 	/System/Library/PrivateFrameworks/TCC.framework/Versions/A/TCC
0x000000000a714000 	/System/Library/Frameworks/OpenDirectory.framework/Versions/A/Frameworks/CFOpenDirectory.framework/Versions/A/CFOpenDirectory
0x000000000a714000 	/System/Library/Frameworks/ServiceManagement.framework/Versions/A/ServiceManagement
0x000000000a714000 	/usr/lib/libxslt.1.dylib
0x000000000a714000 	/System/Library/Frameworks/Carbon.framework/Versions/A/Frameworks/Ink.framework/Versions/A/Ink
0x000000000a714000 	/System/Library/Frameworks/ApplicationServices.framework/Versions/A/Frameworks/ATS.framework/Versions/A/ATS
0x000000000a714000 	/System/Library/Frameworks/ApplicationServices.framework/Versions/A/Frameworks/ColorSync.framework/Versions/A/ColorSync
0x000000000a714000 	/System/Library/Frameworks/ApplicationServices.framework/Versions/A/Frameworks/HIServices.framework/Versions/A/HIServices
0x000000000a714000 	/System/Library/Frameworks/ApplicationServices.framework/Versions/A/Frameworks/LangAnalysis.framework/Versions/A/LangAnalysis
0x000000000a714000 	/System/Library/Frameworks/ApplicationServices.framework/Versions/A/Frameworks/PrintCore.framework/Versions/A/PrintCore
0x000000000a714000 	/System/Library/Frameworks/ApplicationServices.framework/Versions/A/Frameworks/QD.framework/Versions/A/QD
0x000000000a714000 	/System/Library/Frameworks/ApplicationServices.framework/Versions/A/Frameworks/SpeechSynthesis.framework/Versions/A/SpeechSynthesis
0x000000000a714000 	/System/Library/Frameworks/IOSurface.framework/Versions/A/IOSurface
0x000000000a714000 	/System/Library/Frameworks/Accelerate.framework/Versions/A/Accelerate
0x000000000a714000 	/System/Library/Frameworks/Accelerate.framework/Versions/A/Frameworks/vImage.framework/Versions/A/vImage
0x000000000a714000 	/System/Library/Frameworks/Accelerate.framework/Versions/A/Frameworks/vecLib.framework/Versions/A/vecLib
0x000000000a714000 	/System/Library/Frameworks/Accelerate.framework/Versions/A/Frameworks/vecLib.framework/Versions/A/libvDSP.dylib
0x000000000a714000 	/System/Library/Frameworks/Accelerate.framework/Versions/A/Frameworks/vecLib.framework/Versions/A/libvMisc.dylib
0x000000000a714000 	/System/Library/Frameworks/Accelerate.framework/Versions/A/Frameworks/vecLib.framework/Versions/A/libLAPACK.dylib
0x000000000a714000 	/System/Library/Frameworks/Accelerate.framework/Versions/A/Frameworks/vecLib.framework/Versions/A/libBLAS.dylib
0x000000000a714000 	/System/Library/Frameworks/ApplicationServices.framework/Versions/A/Frameworks/ATS.framework/Versions/A/Resources/libFontParser.dylib
0x000000000a714000 	/System/Library/Frameworks/ApplicationServices.framework/Versions/A/Frameworks/ATS.framework/Versions/A/Resources/libFontRegistry.dylib
0x000000000a714000 	/System/Library/Frameworks/ImageIO.framework/Versions/A/Resources/libJPEG.dylib
0x000000000a714000 	/System/Library/Frameworks/ImageIO.framework/Versions/A/Resources/libTIFF.dylib
0x000000000a714000 	/System/Library/Frameworks/ImageIO.framework/Versions/A/Resources/libPng.dylib
0x000000000a714000 	/System/Library/Frameworks/ImageIO.framework/Versions/A/Resources/libGIF.dylib
0x000000000a714000 	/System/Library/Frameworks/ImageIO.framework/Versions/A/Resources/libJP2.dylib
0x000000000a714000 	/System/Library/Frameworks/ImageIO.framework/Versions/A/Resources/libRadiance.dylib
0x000000000a714000 	/usr/lib/libcups.2.dylib
0x000000000a714000 	/System/Library/Frameworks/Kerberos.framework/Versions/A/Kerberos
0x000000000a714000 	/System/Library/Frameworks/GSS.framework/Versions/A/GSS
0x000000000a714000 	/usr/lib/libresolv.9.dylib
0x000000000a714000 	/usr/lib/libiconv.2.dylib
0x000000000a714000 	/System/Library/PrivateFrameworks/Heimdal.framework/Versions/A/Heimdal
0x000000000a714000 	/System/Library/PrivateFrameworks/TrustEvaluationAgent.framework/Versions/A/TrustEvaluationAgent
0x000000000a714000 	/usr/lib/libheimdal-asn1.dylib
0x000000000a714000 	/System/Library/Frameworks/OpenDirectory.framework/Versions/A/OpenDirectory
0x000000000a714000 	/System/Library/PrivateFrameworks/CommonAuth.framework/Versions/A/CommonAuth
0x000000000a714000 	/System/Library/Frameworks/SecurityFoundation.framework/Versions/A/SecurityFoundation
0x000000000a714000 	/System/Library/PrivateFrameworks/Bom.framework/Versions/A/Bom
0x000000000a714000 	/System/Library/Frameworks/CoreVideo.framework/Versions/A/CoreVideo
0x000000000a714000 	/System/Library/Frameworks/QuartzCore.framework/Versions/A/Frameworks/CoreImage.framework/Versions/A/CoreImage
0x000000000a714000 	/System/Library/Frameworks/QuartzCore.framework/Versions/A/Frameworks/ScalableUserInterface.framework/Versions/A/ScalableUserInterface
0x000000000a714000 	/System/Library/Frameworks/OpenGL.framework/Versions/A/Libraries/libGLU.dylib
0x000000000a714000 	/System/Library/Frameworks/OpenGL.framework/Versions/A/Libraries/libGFXShared.dylib
0x000000000a714000 	/System/Library/Frameworks/OpenGL.framework/Versions/A/Libraries/libGL.dylib
0x000000000a714000 	/System/Library/Frameworks/OpenGL.framework/Versions/A/Libraries/libGLImage.dylib
0x000000000a714000 	/System/Library/Frameworks/OpenGL.framework/Versions/A/Libraries/libCVMSPluginSupport.dylib
0x000000000a714000 	/System/Library/Frameworks/OpenGL.framework/Versions/A/Libraries/libCoreVMClient.dylib
0x000000000a714000 	/System/Library/PrivateFrameworks/FaceCore.framework/Versions/A/FaceCore
0x000000000a714000 	/System/Library/PrivateFrameworks/CrashReporterSupport.framework/Versions/A/CrashReporterSupport
0x000000000a714000 	/System/Library/Frameworks/OpenCL.framework/Versions/A/OpenCL
0x000000000a714000 	/System/Library/PrivateFrameworks/AppleFSCompression.framework/Versions/A/AppleFSCompression
0x000000000a714000 	/System/Library/PrivateFrameworks/Ubiquity.framework/Versions/A/Ubiquity
0x000000000a714000 	/System/Library/PrivateFrameworks/IconServices.framework/Versions/A/IconServices
0x000000000a714000 	/System/Library/PrivateFrameworks/ChunkingLibrary.framework/Versions/A/ChunkingLibrary
0x000000000a714000 	/System/Library/PrivateFrameworks/CoreSymbolication.framework/Versions/A/CoreSymbolication
0x000000000a714000 	/System/Library/PrivateFrameworks/Symbolication.framework/Versions/A/Symbolication
0x000000000a714000 	/System/Library/PrivateFrameworks/DebugSymbols.framework/Versions/A/DebugSymbols
0x0000000105de7000 	/Library/Java/JavaVirtualMachines/jdk1.8.0_05.jdk/Contents/Home/jre/lib/server/libjvm.dylib
0x000000000a714000 	/usr/lib/libstdc++.6.dylib
0x0000000106dc0000 	/Library/Java/JavaVirtualMachines/jdk1.8.0_05.jdk/Contents/Home/jre/lib/libverify.dylib
0x0000000107600000 	/Library/Java/JavaVirtualMachines/jdk1.8.0_05.jdk/Contents/Home/jre/lib/libjava.dylib
0x0000000106dd8000 	/Library/Java/JavaVirtualMachines/jdk1.8.0_05.jdk/Contents/Home/jre/lib/libzip.dylib
0x000000011b12b000 	/System/Library/Frameworks/JavaVM.framework/Frameworks/JavaRuntimeSupport.framework/JavaRuntimeSupport
0x000000011b143000 	/System/Library/Frameworks/JavaVM.framework/Versions/A/Frameworks/JavaNativeFoundation.framework/Versions/A/JavaNativeFoundation
0x000000011b158000 	/System/Library/Frameworks/JavaVM.framework/Versions/A/JavaVM
0x000000000a714000 	/System/Library/Frameworks/Carbon.framework/Versions/A/Carbon
0x000000011b165000 	/System/Library/PrivateFrameworks/JavaLaunching.framework/Versions/A/JavaLaunching
0x000000000a714000 	/System/Library/Frameworks/Carbon.framework/Versions/A/Frameworks/CommonPanels.framework/Versions/A/CommonPanels
0x000000000a714000 	/System/Library/Frameworks/Carbon.framework/Versions/A/Frameworks/Help.framework/Versions/A/Help
0x000000000a714000 	/System/Library/Frameworks/Carbon.framework/Versions/A/Frameworks/ImageCapture.framework/Versions/A/ImageCapture
0x000000000a714000 	/System/Library/Frameworks/Carbon.framework/Versions/A/Frameworks/OpenScripting.framework/Versions/A/OpenScripting
0x000000000a714000 	/System/Library/Frameworks/Carbon.framework/Versions/A/Frameworks/Print.framework/Versions/A/Print
0x000000000a714000 	/System/Library/Frameworks/Carbon.framework/Versions/A/Frameworks/SecurityHI.framework/Versions/A/SecurityHI
0x000000011bb27000 	/Applications/IntelliJ IDEA 13 CE.app/bin/libbreakgen64.jnilib
0x000000011bc2d000 	/Library/Java/JavaVirtualMachines/jdk1.8.0_05.jdk/Contents/Home/jre/lib/libnet.dylib
0x000000011bc8b000 	/private/var/folders/p9/9ghsl8xn5tz75d30v4k6f_g80000gn/T/libgdxdylancastine/e4139f10/libgdx64.dylib
0x000000011bcc9000 	/Library/Java/JavaVirtualMachines/jdk1.8.0_05.jdk/Contents/Home/jre/lib/libawt.dylib
0x000000011bd78000 	/Library/Java/JavaVirtualMachines/jdk1.8.0_05.jdk/Contents/Home/jre/lib/./libmlib_image.dylib
0x000000011be44000 	/Library/Java/JavaVirtualMachines/jdk1.8.0_05.jdk/Contents/Home/jre/lib/libawt_lwawt.dylib
0x000000011bef6000 	/Library/Java/JavaVirtualMachines/jdk1.8.0_05.jdk/Contents/Home/jre/lib/./libosxapp.dylib
0x000000000a714000 	/System/Library/Frameworks/ExceptionHandling.framework/Versions/A/ExceptionHandling
0x000000000a714000 	/System/Library/PrivateFrameworks/CoreServicesInternal.framework/Versions/A/CoreServicesInternal
0x000000000a714000 	/System/Library/PrivateFrameworks/Librarian.framework/Versions/A/Librarian
0x000000000a714000 	/System/Library/Frameworks/CoreGraphics.framework/Versions/A/Resources/libCGCMS.A.dylib
0x000000000a714000 	/System/Library/Frameworks/CoreGraphics.framework/Versions/A/Resources/libRIP.A.dylib
0x000000000a714000 	/System/Library/Frameworks/CoreGraphics.framework/Versions/A/Resources/libCGXType.A.dylib
0x000000000a714000 	/System/Library/PrivateFrameworks/FamilyControls.framework/Versions/A/FamilyControls
0x000000000a714000 	/System/Library/PrivateFrameworks/CommerceKit.framework/Versions/A/Frameworks/CommerceCore.framework/Versions/A/CommerceCore
0x000000000a714000 	/System/Library/PrivateFrameworks/SystemAdministration.framework/Versions/A/SystemAdministration
0x000000000a714000 	/System/Library/Frameworks/DirectoryService.framework/Versions/A/DirectoryService
0x000000000a714000 	/System/Library/PrivateFrameworks/DiskImages.framework/Versions/A/DiskImages
0x000000000a714000 	/System/Library/PrivateFrameworks/LoginUIKit.framework/Versions/A/Frameworks/LoginUICore.framework/Versions/A/LoginUICore
0x000000000a714000 	/usr/lib/libCoreStorage.dylib
0x000000000a714000 	/usr/lib/libcsfde.dylib
0x000000000a714000 	/usr/lib/libodfde.dylib
0x000000000a714000 	/System/Library/Frameworks/DiscRecording.framework/Versions/A/DiscRecording
0x000000000a714000 	/usr/lib/libcurl.4.dylib
0x000000000a714000 	/System/Library/PrivateFrameworks/MediaKit.framework/Versions/A/MediaKit
0x000000000a714000 	/System/Library/PrivateFrameworks/EFILogin.framework/Versions/A/EFILogin
0x000000000a714000 	/usr/lib/libutil.dylib
0x000000000a714000 	/System/Library/PrivateFrameworks/AOSNotification.framework/Versions/A/AOSNotification
0x000000000a714000 	/System/Library/Frameworks/LDAP.framework/Versions/A/LDAP
0x000000000a714000 	/usr/lib/libsasl2.2.dylib
0x000000000a714000 	/usr/lib/libcrypto.0.9.8.dylib
0x000000000a714000 	/usr/lib/libssl.0.9.8.dylib
0x000000011fe3d000 	/Library/Java/JavaVirtualMachines/jdk1.8.0_05.jdk/Contents/Home/jre/lib/libfontmanager.dylib
0x000000011fea3000 	/private/var/folders/p9/9ghsl8xn5tz75d30v4k6f_g80000gn/T/libgdxdylancastine/45614fc1/liblwjgl.dylib
0x000000011d784000 	/Library/Java/JavaVirtualMachines/jdk1.8.0_05.jdk/Contents/Home/jre/lib/libjawt.dylib
0x000000011ff22000 	/var/folders/p9/9ghsl8xn5tz75d30v4k6f_g80000gn/T/libgdxdylancastine/45614fc1/openal.dylib
0x000000011ff7e000 	/System/Library/Components/CoreAudio.component/Contents/MacOS/CoreAudio
0x000000011e55c000 	/System/Library/Extensions/AppleHDA.kext/Contents/PlugIns/AppleHDAHALPlugIn.bundle/Contents/MacOS/AppleHDAHALPlugIn
0x000000000a714000 	/System/Library/Frameworks/OpenGL.framework/Versions/A/Resources/GLEngine.bundle/GLEngine
0x000000000a714000 	/System/Library/Frameworks/OpenGL.framework/Versions/A/Libraries/libGLProgrammability.dylib
0x0000000000000000 	/System/Library/Extensions/AppleIntelHD5000GraphicsGLDriver.bundle/Contents/MacOS/AppleIntelHD5000GraphicsGLDriver
0x000000000a714000 	/System/Library/PrivateFrameworks/IOAccelerator.framework/Versions/A/IOAccelerator
0x000000000a714000 	/System/Library/PrivateFrameworks/GPUSupport.framework/Versions/A/Libraries/libGPUSupportMercury.dylib
0x000000000a714000 	/System/Library/Frameworks/OpenGL.framework/Versions/A/Resources/GLRendererFloat.bundle/GLRendererFloat
0x000000000a714000 	/System/Library/Frameworks/OpenCL.framework/Versions/A/Libraries/libcldcpuengine.dylib
0x000000011e582000 	cl_kernels
0x0000000120e11000 	/System/Library/Frameworks/OpenCL.framework/Versions/A/Libraries/ImageFormats/unorm8_bgra.dylib
0x0000000120f3c000 	cl_kernels
0x00000001215fc000 	/private/var/folders/p9/9ghsl8xn5tz75d30v4k6f_g80000gn/T/libgdxdylancastine/92373c89/libgdx-box2d64.dylib

VM Arguments:
jvm_args: -Didea.launcher.port=7542 -Didea.launcher.bin.path=/Applications/IntelliJ IDEA 13 CE.app/bin -Dfile.encoding=UTF-8 
java_command: com.intellij.rt.execution.application.AppMain com.makowaredev.website.desktop.DesktopLauncher
java_class_path (initial): /Library/Java/JavaVirtualMachines/jdk1.8.0_05.jdk/Contents/Home/lib/ant-javafx.jar:/Library/Java/JavaVirtualMachines/jdk1.8.0_05.jdk/Contents/Home/lib/dt.jar:/Library/Java/JavaVirtualMachines/jdk1.8.0_05.jdk/Contents/Home/lib/javafx-mx.jar:/Library/Java/JavaVirtualMachines/jdk1.8.0_05.jdk/Contents/Home/lib/jconsole.jar:/Library/Java/JavaVirtualMachines/jdk1.8.0_05.jdk/Contents/Home/lib/sa-jdi.jar:/Library/Java/JavaVirtualMachines/jdk1.8.0_05.jdk/Contents/Home/lib/tools.jar:/Library/Java/JavaVirtualMachines/jdk1.8.0_05.jdk/Contents/Home/jre/lib/charsets.jar:/Library/Java/JavaVirtualMachines/jdk1.8.0_05.jdk/Contents/Home/jre/lib/deploy.jar:/Library/Java/JavaVirtualMachines/jdk1.8.0_05.jdk/Contents/Home/jre/lib/htmlconverter.jar:/Library/Java/JavaVirtualMachines/jdk1.8.0_05.jdk/Contents/Home/jre/lib/javaws.jar:/Library/Java/JavaVirtualMachines/jdk1.8.0_05.jdk/Contents/Home/jre/lib/jce.jar:/Library/Java/JavaVirtualMachines/jdk1.8.0_05.jdk/Contents/Home/jre/lib/jfr.jar:/Library/Java/JavaVirtualMachines/jdk1.8.0_05.jdk/Contents/Home/jre/lib/jfxswt.jar:/Library/Java/JavaVirtualMachines/jdk1.8.0_05.jdk/Contents/Home/jre/lib/jsse.jar:/Library/Java/JavaVirtualMachines/jdk1.8.0_05.jdk/Contents/Home/jre/lib/management-agent.jar:/Library/Java/JavaVirtualMachines/jdk1.8.0_05.jdk/Contents/Home/jre/lib/plugin.jar:/Library/Java/JavaVirtualMachines/jdk1.8.0_05.jdk/Contents/Home/jre/lib/resources.jar:/Library/Java/JavaVirtualMachines/jdk1.8.0_05.jdk/Contents/Home/jre/lib/rt.jar:/Library/Java/JavaVirtualMachines/jdk1.8.0_05.jdk/Contents/Home/jre/lib/ext/cldrdata.jar:/Library/Java/JavaVirtualMachines/jdk1.8.0_05.jdk/Contents/Home/jre/lib/ext/dnsns.jar:/Library/Java/JavaVirtualMachines/jdk1.8.0_05.jdk/Contents/Home/jre/lib/ext/jfxrt.jar:/Library/Java/JavaVirtualMachines/jdk1.8.0_05.jdk/Contents/Home/jre/lib/ext/localedata.jar:/Library/Java/JavaVirtualMachines/jdk1.8.0_05.jdk/Contents/Home/jre/lib/ext/nashorn.jar:/Library/Java/JavaVirtualMachines/jdk1.8.0_05.j
Launcher Type: SUN_STANDARD

Environment Variables:
PATH=/usr/bin:/bin:/usr/sbin:/sbin:/usr/local/bin:/opt/X11/bin:/Users/dylancastine/npm/bin/
SHELL=/bin/bash
DISPLAY=/tmp/launch-RBWxuy/org.macosforge.xquartz:0

Signal Handlers:
SIGSEGV: [libjvm.dylib+0x55f7df], sa_mask[0]=0xfffefeff, sa_flags=0x00000043
SIGBUS: [libjvm.dylib+0x55f7df], sa_mask[0]=0xfffefeff, sa_flags=0x00000042
SIGFPE: [libjvm.dylib+0x442cfa], sa_mask[0]=0xfffefeff, sa_flags=0x00000042
SIGPIPE: [libjvm.dylib+0x442cfa], sa_mask[0]=0xfffefeff, sa_flags=0x00000042
SIGXFSZ: [libjvm.dylib+0x442cfa], sa_mask[0]=0xfffefeff, sa_flags=0x00000042
SIGILL: [libjvm.dylib+0x442cfa], sa_mask[0]=0xfffefeff, sa_flags=0x00000042
SIGUSR1: SIG_DFL, sa_mask[0]=0x00000000, sa_flags=0x00000002
SIGUSR2: [libjvm.dylib+0x442818], sa_mask[0]=0x00000004, sa_flags=0x00000042
SIGHUP: [libjvm.dylib+0x440ba5], sa_mask[0]=0xfffefeff, sa_flags=0x00000042
SIGINT: [libjvm.dylib+0x440ba5], sa_mask[0]=0xfffefeff, sa_flags=0x00000042
SIGTERM: [libjvm.dylib+0x440ba5], sa_mask[0]=0xfffefeff, sa_flags=0x00000042
SIGQUIT: [libjvm.dylib+0x440ba5], sa_mask[0]=0xfffefeff, sa_flags=0x00000042


---------------  S Y S T E M  ---------------

OS:Bsduname:Darwin 13.3.0 Darwin Kernel Version 13.3.0: Tue Jun  3 21:27:35 PDT 2014; root:xnu-2422.110.17~1/RELEASE_X86_64 x86_64
rlimit: STACK 8192k, CORE 0k, NPROC 709, NOFILE 10240, AS infinity
load average:3.41 2.77 2.36

CPU:total 4 (2 cores per cpu, 2 threads per core) family 6 model 69 stepping 1, cmov, cx8, fxsr, mmx, sse, sse2, sse3, ssse3, sse4.1, sse4.2, popcnt, avx, avx2, aes, clmul, erms, ht, tsc, tscinvbit

Memory: 4k page, physical 4194304k(196212k free)

/proc/meminfo:


vm_info: Java HotSpot(TM) 64-Bit Server VM (25.5-b02) for bsd-amd64 JRE (1.8.0_05-b13), built on Mar 18 2014 00:36:13 by "java_re" with gcc 4.2.1 (Based on Apple Inc. build 5658) (LLVM build 2336.11.00)

time: Tue Jul 15 23:01:09 2014
elapsed time: 38 seconds

